<?xml version="1.0" encoding="UTF-8"?>
<testng-results ignored="0" total="5" passed="5" failed="0" skipped="0">
  <reporter-output>
  </reporter-output>
  <suite started-at="2020-06-05T16:41:50Z" name="Default suite" finished-at="2020-06-05T16:42:23Z" duration-ms="33244">
    <groups>
    </groups>
    <test started-at="2020-06-05T16:41:50Z" name="Default test" finished-at="2020-06-05T16:42:23Z" duration-ms="33244">
      <class name="chapters37_GIT.Ch37a_GIT">
        <test-method is-config="true" signature="initialize()[pri:0, instance:chapters37_GIT.Ch37a_GIT@1a84f40f]" started-at="2020-06-05T16:41:50Z" name="initialize" finished-at="2020-06-05T16:42:05Z" duration-ms="14918" status="PASS">
          <reporter-output>
          </reporter-output>
        </test-method> <!-- initialize -->
        <test-method signature="verifyLaunchPage()[pri:0, instance:chapters37_GIT.Ch37a_GIT@1a84f40f]" started-at="2020-06-05T16:42:05Z" name="verifyLaunchPage" finished-at="2020-06-05T16:42:05Z" duration-ms="163" status="PASS">
          <reporter-output>
          </reporter-output>
        </test-method> <!-- verifyLaunchPage -->
        <test-method signature="enterCredentials()[pri:1, instance:chapters37_GIT.Ch37a_GIT@1a84f40f]" started-at="2020-06-05T16:42:05Z" name="enterCredentials" finished-at="2020-06-05T16:42:13Z" duration-ms="7820" status="PASS">
          <reporter-output>
          </reporter-output>
        </test-method> <!-- enterCredentials -->
        <test-method signature="showID()[pri:2, instance:chapters37_GIT.Ch37a_GIT@1a84f40f]" started-at="2020-06-05T16:42:13Z" name="showID" finished-at="2020-06-05T16:42:14Z" duration-ms="1155" status="PASS">
          <reporter-output>
          </reporter-output>
        </test-method> <!-- showID -->
        <test-method signature="VerifyHyperlinks()[pri:3, instance:chapters37_GIT.Ch37a_GIT@1a84f40f]" started-at="2020-06-05T16:42:14Z" name="VerifyHyperlinks" finished-at="2020-06-05T16:42:14Z" duration-ms="89" status="PASS">
          <reporter-output>
          </reporter-output>
        </test-method> <!-- VerifyHyperlinks -->
        <test-method signature="logOut()[pri:4, instance:chapters37_GIT.Ch37a_GIT@1a84f40f]" started-at="2020-06-05T16:42:14Z" name="logOut" finished-at="2020-06-05T16:42:16Z" duration-ms="1876" status="PASS">
          <reporter-output>
          </reporter-output>
        </test-method> <!-- logOut -->
        <test-method is-config="true" signature="closeBrowser()[pri:0, instance:chapters37_GIT.Ch37a_GIT@1a84f40f]" started-at="2020-06-05T16:42:16Z" name="closeBrowser" finished-at="2020-06-05T16:42:23Z" duration-ms="7176" status="PASS">
          <reporter-output>
          </reporter-output>
        </test-method> <!-- closeBrowser -->
      </class> <!-- chapters37_GIT.Ch37a_GIT -->
    </test> <!-- Default test -->
  </suite> <!-- Default suite -->
</testng-results>
