<?xml version="1.0" encoding="UTF-8"?>
<!-- Generated by org.testng.reporters.JUnitXMLReporter -->
<testsuite ignored="0" hostname="SubhadeepLaptop" failures="0" tests="5" name="Default test" time="33.244" errors="0" timestamp="05 Jun 2020 16:42:23 GMT">
  <testcase classname="chapters37_GIT.Ch37a_GIT" name="verifyLaunchPage" time="0.163"/>
  <testcase classname="chapters37_GIT.Ch37a_GIT" name="enterCredentials" time="7.82"/>
  <testcase classname="chapters37_GIT.Ch37a_GIT" name="showID" time="1.155"/>
  <testcase classname="chapters37_GIT.Ch37a_GIT" name="VerifyHyperlinks" time="0.089"/>
  <testcase classname="chapters37_GIT.Ch37a_GIT" name="logOut" time="1.876"/>
</testsuite> <!-- Default test -->
